C51 COMPILER V9.56.0.0   DELAY                                                             11/06/2019 15:30:28 PAGE 1   


C51 COMPILER V9.56.0.0, COMPILATION OF MODULE DELAY
OBJECT MODULE PLACED IN .\Objects\Delay.obj
COMPILER INVOKED BY: C:\Keil_c51\C51\BIN\C51.EXE ..\..\Common\Delay.c LARGE OPTIMIZE(3,SPEED) BROWSE INCDIR(..\..\Includ
                    -e) DEFINE(FOSC_160000) DEBUG OBJECTEXTEND PRINT(.\Listings\Delay.lst) TABS(3) OBJECT(.\Objects\Delay.obj)

line level    source

   1          /*--------------------------------------------------------------------------------------------------------
             --*/
   2          /*                                                                                                        
             - */
   3          /* Copyright(c) 2016 Nuvoton Technology Corp. All rights reserved.                                        
             - */
   4          /*                                                                                                        
             - */
   5          /*--------------------------------------------------------------------------------------------------------
             --*/
   6          
   7          //********************************************************************************************************
             -***
   8          //  Nuvoton Technoledge Corp. 
   9          //  Website: http://www.nuvoton.com
  10          //  E-Mail : MicroC-8bit@nuvoton.com
  11          //  Date   : Apr/21/2016
  12          //********************************************************************************************************
             -***
  13          
  14          #include "N76E003.h"
  15          #include "Common.h"
  16          #include "Delay.h"
  17          #include "SFR_Macro.h"
  18          #include "Function_Define.h"
  19          
  20          
  21          
  22          bit BIT_TMP;
  23          
  24          //-------------------------------------------------------------------------
  25          void Timer0_Delay100us(UINT32 u32CNT)
  26          {
  27   1          clr_T0M;                                    //T0M=0, Timer0 Clock = Fsys/12
  28   1          TMOD |= 0x01;                                 //Timer0 is 16-bit mode
  29   1          set_TR0;                                     //Start Timer0
  30   1          while (u32CNT != 0)
  31   1          {
  32   2              TL0 = LOBYTE(TIMER_DIV12_VALUE_100us);  //Find  define in "Function_define.h" "TIMER VALUE"
  33   2              TH0 = HIBYTE(TIMER_DIV12_VALUE_100us);
  34   2              while (TF0 != 1);                       //Check Timer0 Time-Out Flag
  35   2              clr_TF0;
  36   2              u32CNT --;
  37   2          }
  38   1          clr_TR0;                                      //Stop Timer0
  39   1      }
  40          
  41          //------------------------------------------------------------------------------
  42          void Timer0_Delay10ms(UINT32 u32CNT)
  43          {
  44   1          clr_T0M;                                    //T0M=0, Timer0 Clock = Fsys/12
  45   1          TMOD |= 0x01;                               //Timer0 is 16-bit mode
  46   1          set_TR0;                                    //Start Timer0
  47   1          while (u32CNT != 0)
C51 COMPILER V9.56.0.0   DELAY                                                             11/06/2019 15:30:28 PAGE 2   

  48   1          {
  49   2              TL0 = LOBYTE(TIMER_DIV12_VALUE_10ms);      //Find  define in "Function_define.h" "TIMER VALUE"
  50   2              TH0 = HIBYTE(TIMER_DIV12_VALUE_10ms);
  51   2              while (TF0 != 1);                          //Check Timer0 Time-Out Flag
  52   2              clr_TF0;
  53   2              u32CNT --;
  54   2          }
  55   1          clr_TR0;                                      //Stop Timer0
  56   1      }
  57          
  58          //------------------------------------------------------------------------------
  59          void Timer0_Delay1ms(UINT32 u32CNT)
  60          {
  61   1          clr_T0M;                                    //T0M=0, Timer0 Clock = Fsys/12
  62   1          TMOD |= 0x01;                               //Timer0 is 16-bit mode
  63   1          set_TR0;                                    //Start Timer0
  64   1          while (u32CNT != 0)
  65   1          {
  66   2              TL0 = LOBYTE(TIMER_DIV12_VALUE_1ms);       //Find  define in "Function_define.h" "TIMER VALUE"
  67   2              TH0 = HIBYTE(TIMER_DIV12_VALUE_1ms);
  68   2              while (TF0 != 1);                          //Check Timer0 Time-Out Flag
  69   2              clr_TF0;
  70   2              u32CNT --;
  71   2          }
  72   1          clr_TR0;                                      //Stop Timer0
  73   1      }
  74          
  75          //------------------------------------------------------------------------------
  76          void Timer1_Delay10ms(UINT32 u32CNT)
  77          {
  78   1          clr_T1M;                                                      //T1M=0, Timer1 Clock = Fsys/12
  79   1          TMOD |= 0x10;                                                 //Timer1 is 16-bit mode
  80   1          set_TR1;                                                      //Start Timer1
  81   1          while (u32CNT != 0)
  82   1          {
  83   2              TL1 = LOBYTE(TIMER_DIV12_VALUE_10ms);      //Find  define in "Function_define.h" "TIMER VALUE"
  84   2              TH1 = HIBYTE(TIMER_DIV12_VALUE_10ms);
  85   2              while (TF1 != 1);                                   //Check Timer1 Time-Out Flag
  86   2              clr_TF1;
  87   2              u32CNT --;
  88   2          }
  89   1          clr_TR1;                                       //Stop Timer1
  90   1      }
  91          
  92          //------------------------------------------------------------------------------
  93          void Timer2_Delay500us(UINT32 u32CNT)
  94          {
  95   1          clr_T2DIV2;                                                   //Timer2 Clock = Fsys/4 
  96   1          clr_T2DIV1;
  97   1          set_T2DIV0;
  98   1          set_TR2;                                    //Start Timer2
  99   1          while (u32CNT != 0)
 100   1          {
 101   2              TL2 = LOBYTE(TIMER_DIV4_VALUE_500us);      //Find  define in "Function_define.h" "TIMER VALUE"
 102   2              TH2 = HIBYTE(TIMER_DIV4_VALUE_500us);
 103   2              while (TF2 != 1);                       //Check Timer2 Time-Out Flag
 104   2              clr_TF2;
 105   2              u32CNT --;
 106   2          }
 107   1          clr_TR2;                                    //Stop Timer2
 108   1      }
 109          
C51 COMPILER V9.56.0.0   DELAY                                                             11/06/2019 15:30:28 PAGE 3   

 110          //------------------------------------------------------------------------------
 111          void Timer3_Delay100ms(UINT32 u32CNT)
 112          {
 113   1          T3CON = 0x07;                               //Timer3 Clock = Fsys/128
 114   1          set_TR3;                                    //Trigger Timer3
 115   1          while (u32CNT != 0)
 116   1          {
 117   2              RL3 = LOBYTE(TIMER_DIV128_VALUE_100ms); //Find  define in "Function_define.h" "TIMER VALUE"
 118   2              RH3 = HIBYTE(TIMER_DIV128_VALUE_100ms);
 119   2              while ((T3CON&SET_BIT4) != SET_BIT4);      //Check Timer3 Time-Out Flag
 120   2              clr_TF3;
 121   2              u32CNT --;
 122   2          }
 123   1          clr_TR3;                                    //Stop Timer3
 124   1      }
 125          //------------------------------------------------------------------------------
 126          void Timer3_Delay10us(UINT32 u32CNT)
 127          {
 128   1          T3CON = 0x07;                               //Timer3 Clock = Fsys/128
 129   1          set_TR3;                                    //Trigger Timer3
 130   1          while (u32CNT != 0)
 131   1          {
 132   2              RL3 = LOBYTE(TIMER_DIV4_VALUE_10us); //Find  define in "Function_define.h" "TIMER VALUE"
 133   2              RH3 = HIBYTE(TIMER_DIV4_VALUE_10us);
 134   2              while ((T3CON&SET_BIT4) != SET_BIT4);      //Check Timer3 Time-Out Flag
 135   2              clr_TF3;
 136   2              u32CNT --;
 137   2          }
 138   1          clr_TR3;                                    //Stop Timer3
 139   1      }


MODULE INFORMATION:   STATIC OVERLAYABLE
   CODE SIZE        =    658    ----
   CONSTANT SIZE    =   ----    ----
   XDATA SIZE       =   ----      28
   PDATA SIZE       =   ----    ----
   DATA SIZE        =   ----    ----
   IDATA SIZE       =   ----    ----
   BIT SIZE         =      1    ----
END OF MODULE INFORMATION.


C51 COMPILATION COMPLETE.  0 WARNING(S),  0 ERROR(S)
