C51 COMPILER V9.56.0.0   DELAY                                                             05/15/2019 11:29:50 PAGE 1   


C51 COMPILER V9.56.0.0, COMPILATION OF MODULE DELAY
OBJECT MODULE PLACED IN .\Output\Delay.obj
COMPILER INVOKED BY: C:\Keil_c51\C51\BIN\C51.EXE ..\..\Common\Delay.c LARGE OPTIMIZE(4,SPEED) BROWSE INCDIR(..\..\Includ
                    -e) DEFINE(FOSC_160000) DEBUG OBJECTEXTEND PRINT(.\LST\Delay.lst) TABS(3) OBJECT(.\Output\Delay.obj)

line level    source

   1          /*--------------------------------------------------------------------------------------------------------
             --*/
   2          /*                                                                                                        
             - */
   3          /* Copyright(c) 2016 Nuvoton Technology Corp. All rights reserved.                                        
             - */
   4          /*                                                                                                        
             - */
   5          /*--------------------------------------------------------------------------------------------------------
             --*/
   6          
   7          //********************************************************************************************************
             -***
   8          //  Nuvoton Technoledge Corp. 
   9          //  Website: http://www.nuvoton.com
  10          //  E-Mail : MicroC-8bit@nuvoton.com
  11          //  Date   : Apr/21/2016
  12          //********************************************************************************************************
             -***
  13          
  14          #include "N76E003.h"
  15          #include "Common.h"
  16          #include "Delay.h"
  17          #include "SFR_Macro.h"
  18          #include "Function_define.h"
  19          bit BIT_TMP;
  20          
  21          void Timer0_Delay10us(UINT32 u32CNT)
  22          {
  23   1          clr_T0M;                                    //T0M=0, Timer0 Clock = Fsys/12
  24   1          TIMER0_MODE1_ENABLE;      //TMOD |= 0x01;                                //Timer0 is 16-bit mode
  25   1      
  26   1          set_TR0;                                     //Start Timer0
  27   1          while (u32CNT != 0)
  28   1          {
  29   2              TL0 = LOBYTE(TIMER_DIV12_VALUE_10us);   //Find  define in "Function_define.h" "TIMER VALUE"
  30   2              TH0 = HIBYTE(TIMER_DIV12_VALUE_10us);
  31   2              while (TF0 != 1);                       //Check Timer0 Time-Out Flag
  32   2              clr_TF0;
  33   2              u32CNT --;
  34   2          }
  35   1          clr_TR0;                                      //Stop Timer0
  36   1      }
  37          
  38          //-------------------------------------------------------------------------
  39          void Timer0_Delay100us(UINT32 u32CNT)
  40          {
  41   1          clr_T0M;                                    //T0M=0, Timer0 Clock = Fsys/12
  42   1          TMOD |= 0x01;                                 //Timer0 is 16-bit mode
  43   1          set_TR0;                                     //Start Timer0
  44   1          while (u32CNT != 0)
  45   1          {
  46   2              TL0 = LOBYTE(TIMER_DIV12_VALUE_100us);  //Find  define in "Function_define.h" "TIMER VALUE"
  47   2              TH0 = HIBYTE(TIMER_DIV12_VALUE_100us);
C51 COMPILER V9.56.0.0   DELAY                                                             05/15/2019 11:29:50 PAGE 2   

  48   2              while (TF0 != 1);                       //Check Timer0 Time-Out Flag
  49   2              clr_TF0;
  50   2              u32CNT --;
  51   2          }
  52   1          clr_TR0;                                      //Stop Timer0
  53   1      }
  54          //------------------------------------------------------------------------------
  55          //void Timer0_Delay1ms(UINT32 u32CNT)
  56          //{
  57          //    clr_T0M;                                     //T0M=0, Timer0 Clock = Fsys/12
  58          //    TMOD |= 0x01;                                //Timer0 is 16-bit mode
  59          //    set_TR0;                                    //Start Timer0
  60          //    while (u32CNT != 0)
  61          //    {
  62          //        TL0 = LOBYTE(TIMER_DIV12_VALUE_1ms);     //Find  define in "Function_define.h" "TIMER VALUE"
  63          //        TH0 = HIBYTE(TIMER_DIV12_VALUE_1ms);
  64          //        while (TF0 != 1);                        //Check Timer0 Time-Out Flag
  65          //        clr_TF0;
  66          //        u32CNT --;
  67          //    }
  68          //    clr_TR0;                                    //Stop Timer0
  69          //}
  70          
  71          void Timer0_Delay1ms(UINT32 u32CNT)
  72          {
  73   1         clr_T0M;                                     //T0M=0, Timer0 Clock = Fsys/12
  74   1         
  75   1         set_WDCLR;
  76   1      
  77   1         //TMOD |= 0x01;                                 //Timer0 is 16-bit mode
  78   1         TMOD&=0xf0; TMOD |= 0x01;                     //Timer0 is 16-bit mode
  79   1      
  80   1         set_TR0;                                    //Start Timer0
  81   1         while (u32CNT != 0)
  82   1         {
  83   2            //TL0 = LOBYTE(TIMER_DIV12_VALUE_1ms);       //Find  define in "Function_define.h" "TIMER VALUE"
  84   2            //TH0 = HIBYTE(TIMER_DIV12_VALUE_1ms);
  85   2      
  86   2            TL0 = TIMER_DIV12_VALUE_1ms & 0xff;          
  87   2            TH0 = TIMER_DIV12_VALUE_1ms >> 8 ;    
  88   2            
  89   2            while (TF0 != 1);                         //Check Timer0 Time-Out Flag
  90   2            clr_TF0;
  91   2            u32CNT --;
  92   2         }
  93   1         clr_TR0;                                    //Stop Timer0
  94   1      }
  95          
  96          
  97          //------------------------------------------------------------------------------
  98          void Timer1_Delay10ms(UINT32 u32CNT)
  99          {
 100   1          clr_T1M;                                                      //T1M=0, Timer1 Clock = Fsys/12
 101   1          TMOD |= 0x10;                                              //Timer1 is 16-bit mode
 102   1          set_TR1;                                                      //Start Timer1
 103   1          while (u32CNT != 0)
 104   1          {
 105   2              TL1 = LOBYTE(TIMER_DIV12_VALUE_10ms);      //Find  define in "Function_define.h" "TIMER VALUE"
 106   2              TH1 = HIBYTE(TIMER_DIV12_VALUE_10ms);
 107   2              while (TF1 != 1);                                   //Check Timer1 Time-Out Flag
 108   2              clr_TF1;
 109   2              u32CNT --;
C51 COMPILER V9.56.0.0   DELAY                                                             05/15/2019 11:29:50 PAGE 3   

 110   2          }
 111   1          clr_TR1;                                       //Stop Timer1
 112   1      }
 113          
 114          //------------------------------------------------------------------------------
 115          void Timer2_Delay500us(UINT32 u32CNT)
 116          {
 117   1          clr_T2DIV2;                                                   //Timer2 Clock = Fsys/4 
 118   1          clr_T2DIV1;
 119   1          set_T2DIV0;
 120   1          set_TR2;                                    //Start Timer2
 121   1          while (u32CNT != 0)
 122   1          {
 123   2              TL2 = LOBYTE(TIMER_DIV4_VALUE_500us);      //Find  define in "Function_define.h" "TIMER VALUE"
 124   2              TH2 = HIBYTE(TIMER_DIV4_VALUE_500us);
 125   2              while (TF2 != 1);                       //Check Timer2 Time-Out Flag
 126   2              clr_TF2;
 127   2              u32CNT --;
 128   2          }
 129   1          clr_TR2;                                    //Stop Timer2
 130   1      }
 131          //------------------------------------------------------------------------------
 132          void Timer3_Delay100ms(UINT32 u32CNT)
 133          {
 134   1          T3CON = 0x07;                               //Timer3 Clock = Fsys/128
 135   1          set_TR3;                                    //Trigger Timer3
 136   1          while (u32CNT != 0)
 137   1          {
 138   2              RL3 = LOBYTE(TIMER_DIV128_VALUE_100ms); //Find  define in "Function_define.h" "TIMER VALUE"
 139   2              RH3 = HIBYTE(TIMER_DIV128_VALUE_100ms);
 140   2              while ((T3CON&SET_BIT4) != SET_BIT4);      //Check Timer3 Time-Out Flag
 141   2              clr_TF3;
 142   2              u32CNT --;
 143   2          }
 144   1          clr_TR3;                                    //Stop Timer3
 145   1      }
 146          //------------------------------------------------------------------------------
 147          void Timer3_Delay10us(UINT32 u32CNT)
 148          {
 149   1          T3CON = 0x07;                               //Timer3 Clock = Fsys/128
 150   1          set_TR3;                                    //Trigger Timer3
 151   1          while (u32CNT != 0)
 152   1          {
 153   2              RL3 = LOBYTE(TIMER_DIV4_VALUE_10us); //Find  define in "Function_define.h" "TIMER VALUE"
 154   2              RH3 = HIBYTE(TIMER_DIV4_VALUE_10us);
 155   2       
 156   2              while ((T3CON&SET_BIT4) != SET_BIT4);      //Check Timer3 Time-Out Flag
 157   2              clr_TF3;
 158   2              u32CNT --;
 159   2          }
 160   1          clr_TR3;                                    //Stop Timer3
 161   1      }


MODULE INFORMATION:   STATIC OVERLAYABLE
   CODE SIZE        =    683    ----
   CONSTANT SIZE    =   ----    ----
   XDATA SIZE       =   ----      28
   PDATA SIZE       =   ----    ----
   DATA SIZE        =   ----    ----
   IDATA SIZE       =   ----    ----
   BIT SIZE         =      1    ----
C51 COMPILER V9.56.0.0   DELAY                                                             05/15/2019 11:29:50 PAGE 4   

END OF MODULE INFORMATION.


C51 COMPILATION COMPLETE.  0 WARNING(S),  0 ERROR(S)
