C51 COMPILER V9.56.0.0   COMMON                                                            05/29/2019 16:32:54 PAGE 1   


C51 COMPILER V9.56.0.0, COMPILATION OF MODULE COMMON
OBJECT MODULE PLACED IN .\Objects\Common.obj
COMPILER INVOKED BY: C:\Keil_c51\C51\BIN\C51.EXE ..\..\Common\Common.c LARGE OPTIMIZE(3,SPEED) BROWSE INCDIR(..\..\Inclu
                    -de;..\..\Include) DEFINE(FOSC_160000) DEBUG OBJECTEXTEND PRINT(.\Listings\Common.lst) TABS(3) OBJECT(.\Objects\Common.ob
                    -j)

line level    source

   1          /*--------------------------------------------------------------------------------------------------------
             --*/
   2          /*                                                                                                        
             - */
   3          /* Copyright(c) 2016 Nuvoton Technology Corp. All rights reserved.                                        
             - */
   4          /*                                                                                                        
             - */
   5          /*--------------------------------------------------------------------------------------------------------
             --*/
   6          
   7          //********************************************************************************************************
             -***
   8          //  Nuvoton Technoledge Corp. 
   9          //  Website: http://www.nuvoton.com
  10          //  E-Mail : MicroC-8bit@nuvoton.com
  11          //  Date   : Apr/21/2016
  12          //********************************************************************************************************
             -***
  13          
  14          #include "N76E003.h"
  15          #include "Common.h"
  16          #include "Delay.h"
  17          #include "SFR_Macro.h"
  18          #include "Function_Define.h"
  19          
  20          
  21          //----------------------------------------------------------------------------------
  22          // UART0 baud rate initial setting 
  23          //----------------------------------------------------------------------------------
  24          void InitialUART0_Timer1(UINT32 u32Baudrate)    //T1M = 1, SMOD = 1
  25          {
  26   1            P06_Quasi_Mode;      //Setting UART pin as Quasi mode for transmit
  27   1            P07_Quasi_Mode;      //Setting UART pin as Quasi mode for transmit
  28   1         
  29   1          SCON = 0x50;        //UART0 Mode1,REN=1,TI=1
  30   1          TMOD |= 0x20;       //Timer1 Mode1
  31   1          
  32   1          set_SMOD;           //UART0 Double Rate Enable
  33   1          set_T1M;
  34   1          clr_BRCK;           //Serial port 0 baud rate clock source = Timer1
  35   1       
  36   1      #ifdef FOSC_160000
  37   1          TH1 = 256 - (1000000/u32Baudrate+1);               /*16 MHz */
  38   1      #endif      
  39   1      #ifdef FOSC_166000
                  TH1 = 256 - (1037500/u32Baudrate);                  /*16.6 MHz */
              #endif
  42   1          set_TR1;
  43   1            set_TI;                 //For printf function must setting TI = 1
  44   1      }
  45          //---------------------------------------------------------------
  46          void InitialUART0_Timer3(UINT32 u32Baudrate) //use timer3 as Baudrate generator
C51 COMPILER V9.56.0.0   COMMON                                                            05/29/2019 16:32:54 PAGE 2   

  47          {
  48   1            P06_Quasi_Mode;      //Setting UART pin as Quasi mode for transmit
  49   1            P07_Quasi_Mode;      //Setting UART pin as Quasi mode for transmit   
  50   1         
  51   1          SCON = 0x50;     //UART0 Mode1,REN=1,TI=1
  52   1          set_SMOD;        //UART0 Double Rate Enable
  53   1          T3CON &= 0xF8;   //T3PS2=0,T3PS1=0,T3PS0=0(Prescale=1)
  54   1          set_BRCK;        //UART0 baud rate clock source = Timer3
  55   1      
  56   1      #ifdef FOSC_160000
  57   1            RH3    = HIBYTE(65536 - (1000000/u32Baudrate)-1);        /*16 MHz */
  58   1            RL3    = LOBYTE(65536 - (1000000/u32Baudrate)-1);        /*16 MHz */
  59   1      #endif
  60   1      #ifdef FOSC_166000
                  RH3    = HIBYTE(65536 - (1037500/u32Baudrate));         /*16.6 MHz */
                  RL3    = LOBYTE(65536 - (1037500/u32Baudrate));         /*16.6 MHz */
              #endif
  64   1          set_TR3;         //Trigger Timer3
  65   1            set_TI;               //For printf function must setting TI = 1
  66   1      }
  67          
  68          UINT8 Receive_Data_From_UART0(void)
  69          {
  70   1          UINT8 c;
  71   1          while (!RI);
  72   1          c = SBUF;
  73   1          RI = 0;
  74   1          return (c);
  75   1      }
  76          
  77          void Send_Data_To_UART0 (UINT8 c)
  78          {
  79   1          TI = 0;
  80   1          SBUF = c;
  81   1          while(TI==0);
  82   1      }
  83          
  84          
  85          //----------------------------------------------------------------------------------
  86          // UART1 baud rate initial setting 
  87          //----------------------------------------------------------------------------------
  88          void InitialUART1_Timer3(UINT32 u32Baudrate) //use timer3 as Baudrate generator
  89          {
  90   1            P02_Quasi_Mode;      //Setting UART pin as Quasi mode for transmit
  91   1            P16_Quasi_Mode;      //Setting UART pin as Quasi mode for transmit
  92   1         
  93   1           SCON_1 = 0x50;     //UART1 Mode1,REN_1=1,TI_1=1
  94   1          T3CON = 0x08;    //T3PS2=0,T3PS1=0,T3PS0=0(Prescale=1), UART1 in MODE 1
  95   1            clr_BRCK;
  96   1         
  97   1      #ifdef FOSC_160000
  98   1            RH3    = HIBYTE(65536 - (1000000/u32Baudrate)-1);        /*16 MHz */
  99   1            RL3    = LOBYTE(65536 - (1000000/u32Baudrate)-1);        /*16 MHz */
 100   1      #endif
 101   1      #ifdef FOSC_166000
                    RH3    = HIBYTE(65536 - (1037500/u32Baudrate));          /*16.6 MHz */
                    RL3    = LOBYTE(65536 - (1037500/u32Baudrate));          /*16.6 MHz */
              #endif
 105   1          set_TR3;         //Trigger Timer3
 106   1      }
 107          
 108          UINT8 Receive_Data_From_UART1(void)
C51 COMPILER V9.56.0.0   COMMON                                                            05/29/2019 16:32:54 PAGE 3   

 109          {
 110   1          UINT8 c;
 111   1          
 112   1          while (!RI_1);
 113   1          c = SBUF_1;
 114   1          RI_1 = 0;
 115   1          return (c);
 116   1      }
 117          
 118          void Send_Data_To_UART1 (UINT8 c)
 119          {
 120   1          TI_1 = 0;
 121   1          SBUF_1 = c;
 122   1          while(TI_1==0);
 123   1      }
 124          
 125          
 126          /*==========================================================================*/
 127          #ifdef SW_Reset
              void SW_Reset(void)
              {
                  TA = 0xAA;
                  TA = 0x55;
                  set_SWRST;
              }
              #endif
 135          /*==========================================================================*/


MODULE INFORMATION:   STATIC OVERLAYABLE
   CODE SIZE        =    374    ----
   CONSTANT SIZE    =   ----    ----
   XDATA SIZE       =   ----      16
   PDATA SIZE       =   ----    ----
   DATA SIZE        =   ----    ----
   IDATA SIZE       =   ----    ----
   BIT SIZE         =   ----    ----
END OF MODULE INFORMATION.


C51 COMPILATION COMPLETE.  0 WARNING(S),  0 ERROR(S)
